2024-03-17 05:52:22,885 - INFO - Batch size: 128, seed: None, epochs: 20
2024-03-17 05:52:22,890 - INFO - Training model: ShallowCNN
2024-03-17 05:52:22,893 - INFO - Input feature : lfcc
2024-03-17 05:52:22,895 - INFO - Model kwargs  : {
  "in_features": 1,
  "out_dim": 1,
  "device": "cpu"
}
2024-03-17 05:52:22,895 - INFO - Loading data...
2024-03-17 05:52:23,032 - INFO - Loading data from data/real...!
2024-03-17 05:52:23,324 - INFO - Loading data from data/fake...!
2024-03-17 05:52:23,326 - INFO - Training model on 16000 audio files.
2024-03-17 05:52:23,326 - INFO - Testing model on  4000 audio files.
2024-03-17 05:52:23,326 - INFO - Train/Test ratio: 4.0
2024-03-17 05:52:23,327 - INFO - Real/Fake ratio in training: 1.0 (pos_weight)
2024-03-17 05:52:31,426 - INFO - Model summary:
==========================================================================================
Layer (type:depth-idx)                   Output Shape              Param #
==========================================================================================
ShallowCNN                               [128, 1]                  --
├─Conv2d: 1-1                            [128, 32, 39, 971]        544
├─MaxPool2d: 1-2                         [128, 32, 19, 485]        --
├─Conv2d: 1-3                            [128, 48, 17, 483]        38,448
├─MaxPool2d: 1-4                         [128, 48, 8, 241]         --
├─Conv2d: 1-5                            [128, 64, 7, 240]         49,216
├─MaxPool2d: 1-6                         [128, 64, 3, 120]         --
├─Conv2d: 1-7                            [128, 128, 4, 119]        65,664
├─MaxPool2d: 1-8                         [128, 128, 2, 59]         --
├─Linear: 1-9                            [128, 128]                1,933,440
├─Linear: 1-10                           [128, 1]                  129
==========================================================================================
Total params: 2,087,441
Trainable params: 2,087,441
Non-trainable params: 0
Total mult-adds (G): 57.88
==========================================================================================
Input size (MB): 19.91
Forward/backward pass size (MB): 1817.10
Params size (MB): 8.35
Estimated Total Size (MB): 1845.36
==========================================================================================
2024-03-17 05:52:35,082 - DEBUG - etils.epath found. Using etils.epath for file I/O.
2024-03-17 06:41:43,504 - INFO - [000]: loss: 0.4932 - train acc: 75.75 - test acc: 99.12 - test eer : 0.0167
2024-03-17 06:41:43,505 - INFO - Best Test Accuracy: 99.125
2024-03-17 06:41:46,658 - INFO - Best Model Saved: /content/drive/MyDrive/Speech Identity Data/saved/ShallowCNN_lfcc_I/best.pt
2024-03-17 06:41:46,680 - INFO - Prediction Saved: /content/drive/MyDrive/Speech Identity Data/saved/ShallowCNN_lfcc_I/best_pred.json
2024-03-17 07:31:44,413 - INFO - [001]: loss: 0.0233 - train acc: 99.83 - test acc: 99.8 - test eer : 0.003
2024-03-17 07:31:44,417 - INFO - Best Test Accuracy: 99.8
2024-03-17 07:31:47,695 - INFO - Best Model Saved: /content/drive/MyDrive/Speech Identity Data/saved/ShallowCNN_lfcc_I/best.pt
2024-03-17 07:31:47,754 - INFO - Prediction Saved: /content/drive/MyDrive/Speech Identity Data/saved/ShallowCNN_lfcc_I/best_pred.json
2024-03-17 08:19:58,392 - INFO - [002]: loss: 0.0046 - train acc: 99.99 - test acc: 99.78 - test eer : 0.0035
2024-03-17 09:08:12,057 - INFO - [003]: loss: 0.0017 - train acc: 100.0 - test acc: 99.8 - test eer : 0.003
2024-03-17 09:55:47,669 - INFO - [004]: loss: 0.0015 - train acc: 100.0 - test acc: 99.65 - test eer : 0.007
2024-03-17 10:43:03,015 - INFO - [005]: loss: 0.001 - train acc: 99.99 - test acc: 99.48 - test eer : 0.0104
2024-03-17 11:30:44,673 - INFO - [006]: loss: 0.0006 - train acc: 100.0 - test acc: 99.83 - test eer : 0.003
2024-03-17 11:30:44,675 - INFO - Best Test Accuracy: 99.825
2024-03-17 11:30:47,914 - INFO - Best Model Saved: /content/drive/MyDrive/Speech Identity Data/saved/ShallowCNN_lfcc_I/best.pt
2024-03-17 11:30:47,967 - INFO - Prediction Saved: /content/drive/MyDrive/Speech Identity Data/saved/ShallowCNN_lfcc_I/best_pred.json
